<?xml version="1.0" encoding="UTF-8"?>
<!-- Generated by org.testng.reporters.JUnitReportReporter -->
<testsuite hostname="DESKTOP-H7NJDP3" name="com.automationpractice.testcases.HomePageTest" tests="4" failures="0" timestamp="23 Jan 2020 15:18:03 GMT" time="145.394" errors="0">
  <testcase name="addItemToCartAndValidateTheRightItem" time="40.011" classname="com.automationpractice.testcases.HomePageTest"/>
  <testcase name="registerNewUserAndPerformValidations" time="39.520" classname="com.automationpractice.testcases.HomePageTest"/>
  <testcase name="sendMessageToCustomerService" time="31.393" classname="com.automationpractice.testcases.HomePageTest"/>
  <testcase name="loginWithNewUser" time="34.470" classname="com.automationpractice.testcases.HomePageTest"/>
</testsuite> <!-- com.automationpractice.testcases.HomePageTest -->
